# JRE version: OpenJDK Runtime Environment (8.0_112-b05) (build 1.8.0_112-release-b05)
# Java VM: OpenJDK 64-Bit Server VM (25.112-b05 mixed mode bsd-amd64 compressed oops)
Heap:
 PSYoungGen      total 38400K, used 28373K [0x00000007a0000000, 0x00000007a4b00000, 0x00000007c0000000)
  eden space 33280K, 69% used [0x00000007a0000000,0x00000007a16b9670,0x00000007a2080000)
  from space 5120K, 99% used [0x00000007a2080000,0x00000007a257c010,0x00000007a2580000)
  to   space 5120K, 99% used [0x00000007a4600000,0x00000007a4af8040,0x00000007a4b00000)
 ParOldGen       total 87552K, used 6506K [0x0000000760000000, 0x0000000765580000, 0x00000007a0000000)
  object space 87552K, 7% used [0x0000000760000000,0x000000076065a8d8,0x0000000765580000)
 Metaspace       used 20748K, capacity 21128K, committed 21296K, reserved 1067008K
  class space    used 2744K, capacity 2881K, committed 2944K, reserved 1048576K
GC Heap History (7 events):
Event: 1.598 GC heap before
{Heap before GC invocations=1 (full 0):
 PSYoungGen      total 38400K, used 33280K [0x00000007a0000000, 0x00000007a2a80000, 0x00000007c0000000)
  eden space 33280K, 100% used [0x00000007a0000000,0x00000007a2080000,0x00000007a2080000)
  from space 5120K, 0% used [0x00000007a2580000,0x00000007a2580000,0x00000007a2a80000)
  to   space 5120K, 0% used [0x00000007a2080000,0x00000007a2080000,0x00000007a2580000)
 ParOldGen       total 87552K, used 0K [0x0000000760000000, 0x0000000765580000, 0x00000007a0000000)
  object space 87552K, 0% used [0x0000000760000000,0x0000000760000000,0x0000000765580000)
 Metaspace       used 6197K, capacity 6522K, committed 6784K, reserved 1056768K
  class space    used 792K, capacity 834K, committed 896K, reserved 1048576K
Event: 1.608 GC heap after
Heap after GC invocations=1 (full 0):
 PSYoungGen      total 38400K, used 4173K [0x00000007a0000000, 0x00000007a2a80000, 0x00000007c0000000)
  eden space 33280K, 0% used [0x00000007a0000000,0x00000007a0000000,0x00000007a2080000)
  from space 5120K, 81% used [0x00000007a2080000,0x00000007a2493778,0x00000007a2580000)
  to   space 5120K, 0% used [0x00000007a2580000,0x00000007a2580000,0x00000007a2a80000)
 ParOldGen       total 87552K, used 8K [0x0000000760000000, 0x0000000765580000, 0x00000007a0000000)
  object space 87552K, 0% used [0x0000000760000000,0x0000000760002000,0x0000000765580000)
 Metaspace       used 6197K, capacity 6522K, committed 6784K, reserved 1056768K
  class space    used 792K, capacity 834K, committed 896K, reserved 1048576K
}
Event: 2.793 GC heap before
{Heap before GC invocations=2 (full 0):
 PSYoungGen      total 38400K, used 37453K [0x00000007a0000000, 0x00000007a2a80000, 0x00000007c0000000)
  eden space 33280K, 100% used [0x00000007a0000000,0x00000007a2080000,0x00000007a2080000)
  from space 5120K, 81% used [0x00000007a2080000,0x00000007a2493778,0x00000007a2580000)
  to   space 5120K, 0% used [0x00000007a2580000,0x00000007a2580000,0x00000007a2a80000)
 ParOldGen       total 87552K, used 8K [0x0000000760000000, 0x0000000765580000, 0x00000007a0000000)
  object space 87552K, 0% used [0x0000000760000000,0x0000000760002000,0x0000000765580000)
 Metaspace       used 12520K, capacity 12832K, committed 13184K, reserved 1060864K
  class space    used 1692K, capacity 1810K, committed 1920K, reserved 1048576K
Event: 2.806 GC heap after
Heap after GC invocations=2 (full 0):
 PSYoungGen      total 38400K, used 5099K [0x00000007a0000000, 0x00000007a2a80000, 0x00000007c0000000)
  eden space 33280K, 0% used [0x00000007a0000000,0x00000007a0000000,0x00000007a2080000)
  from space 5120K, 99% used [0x00000007a2580000,0x00000007a2a7ade8,0x00000007a2a80000)
  to   space 5120K, 0% used [0x00000007a2080000,0x00000007a2080000,0x00000007a2580000)
 ParOldGen       total 87552K, used 1218K [0x0000000760000000, 0x0000000765580000, 0x00000007a0000000)
  object space 87552K, 1% used [0x0000000760000000,0x0000000760130b50,0x0000000765580000)
 Metaspace       used 12520K, capacity 12832K, committed 13184K, reserved 1060864K
  class space    used 1692K, capacity 1810K, committed 1920K, reserved 1048576K
}
Event: 3.872 GC heap before
{Heap before GC invocations=3 (full 0):
 PSYoungGen      total 38400K, used 38379K [0x00000007a0000000, 0x00000007a2a80000, 0x00000007c0000000)
  eden space 33280K, 100% used [0x00000007a0000000,0x00000007a2080000,0x00000007a2080000)
  from space 5120K, 99% used [0x00000007a2580000,0x00000007a2a7ade8,0x00000007a2a80000)
  to   space 5120K, 0% used [0x00000007a2080000,0x00000007a2080000,0x00000007a2580000)
 ParOldGen       total 87552K, used 1218K [0x0000000760000000, 0x0000000765580000, 0x00000007a0000000)
  object space 87552K, 1% used [0x0000000760000000,0x0000000760130b50,0x0000000765580000)
 Metaspace       used 18293K, capacity 18692K, committed 19072K, reserved 1064960K
  class space    used 2451K, capacity 2586K, committed 2688K, reserved 1048576K
Event: 3.889 GC heap after
Heap after GC invocations=3 (full 0):
 PSYoungGen      total 38400K, used 5104K [0x00000007a0000000, 0x00000007a4b00000, 0x00000007c0000000)
  eden space 33280K, 0% used [0x00000007a0000000,0x00000007a0000000,0x00000007a2080000)
  from space 5120K, 99% used [0x00000007a2080000,0x00000007a257c010,0x00000007a2580000)
  to   space 5120K, 0% used [0x00000007a4600000,0x00000007a4600000,0x00000007a4b00000)
 ParOldGen       total 87552K, used 5394K [0x0000000760000000, 0x0000000765580000, 0x00000007a0000000)
  object space 87552K, 6% used [0x0000000760000000,0x00000007605448b8,0x0000000765580000)
 Metaspace       used 18293K, capacity 18692K, committed 19072K, reserved 1064960K
  class space    used 2451K, capacity 2586K, committed 2688K, reserved 1048576K
}
Event: 4.590 GC heap before
{Heap before GC invocations=4 (full 0):
 PSYoungGen      total 38400K, used 28373K [0x00000007a0000000, 0x00000007a4b00000, 0x00000007c0000000)
  eden space 33280K, 69% used [0x00000007a0000000,0x00000007a16b9670,0x00000007a2080000)
  from space 5120K, 99% used [0x00000007a2080000,0x00000007a257c010,0x00000007a2580000)
  to   space 5120K, 0% used [0x00000007a4600000,0x00000007a4600000,0x00000007a4b00000)
 ParOldGen       total 87552K, used 5394K [0x0000000760000000, 0x0000000765580000, 0x00000007a0000000)
  object space 87552K, 6% used [0x0000000760000000,0x00000007605448b8,0x0000000765580000)
 Metaspace       used 20748K, capacity 21128K, committed 21296K, reserved 1067008K
  class space    used 2744K, capacity 2881K, committed 2944K, reserved 1048576K

